[TIME]2016-09-09 22:59:39ERROR:Uncaught  --> Smarty: 1():Missing '$template' parameter <-- 
  thrownD:\xampp\htdocs\mariophp\mariophp\Extends\Org\smarty\sysplugins\smarty_internal_templatebase.php第154行
[TIME]2016-09-09 23:01:32ERROR:Uncaught  --> Smarty: 1():Missing '$template' parameter <-- 
  thrownD:\xampp\htdocs\mariophp\mariophp\Extends\Org\smarty\sysplugins\smarty_internal_templatebase.php第154行
[TIME]2016-09-09 23:02:16ERROR:Uncaught  --> Smarty: 1():Missing '$template' parameter <-- 
  thrownD:\xampp\htdocs\mariophp\mariophp\Extends\Org\smarty\sysplugins\smarty_internal_templatebase.php第154行
[TIME]2016-09-09 23:02:20ERROR:Uncaught  --> Smarty: 1():Missing '$template' parameter <-- 
  thrownD:\xampp\htdocs\mariophp\mariophp\Extends\Org\smarty\sysplugins\smarty_internal_templatebase.php第154行
[TIME]2016-09-09 23:06:09ERROR:Uncaught  --> Smarty: 1():Missing '$template' parameter <-- 
  thrownD:\xampp\htdocs\mariophp\mariophp\Extends\Org\smarty\sysplugins\smarty_internal_templatebase.php第154行
[TIME]2016-09-09 23:06:09ERROR:Uncaught  --> Smarty: 1():Missing '$template' parameter <-- 
  thrownD:\xampp\htdocs\mariophp\mariophp\Extends\Org\smarty\sysplugins\smarty_internal_templatebase.php第154行
[TIME]2016-09-09 23:06:09ERROR:Uncaught  --> Smarty: 1():Missing '$template' parameter <-- 
  thrownD:\xampp\htdocs\mariophp\mariophp\Extends\Org\smarty\sysplugins\smarty_internal_templatebase.php第154行
[TIME]2016-09-09 23:06:10ERROR:Uncaught  --> Smarty: 1():Missing '$template' parameter <-- 
  thrownD:\xampp\htdocs\mariophp\mariophp\Extends\Org\smarty\sysplugins\smarty_internal_templatebase.php第154行
[TIME]2016-09-09 23:07:18ERROR:Uncaught  --> Smarty: 1():Missing '$template' parameter <-- 
  thrownD:\xampp\htdocs\mariophp\mariophp\Extends\Org\smarty\sysplugins\smarty_internal_templatebase.php第154行
[TIME]2016-09-09 23:07:18ERROR:Uncaught  --> Smarty: 1():Missing '$template' parameter <-- 
  thrownD:\xampp\htdocs\mariophp\mariophp\Extends\Org\smarty\sysplugins\smarty_internal_templatebase.php第154行
[TIME]2016-09-09 23:07:18ERROR:Uncaught  --> Smarty: 1():Missing '$template' parameter <-- 
  thrownD:\xampp\htdocs\mariophp\mariophp\Extends\Org\smarty\sysplugins\smarty_internal_templatebase.php第154行
[TIME]2016-09-09 23:07:19ERROR:Uncaught  --> Smarty: 1():Missing '$template' parameter <-- 
  thrownD:\xampp\htdocs\mariophp\mariophp\Extends\Org\smarty\sysplugins\smarty_internal_templatebase.php第154行
[TIME]2016-09-09 23:07:19ERROR:Uncaught  --> Smarty: 1():Missing '$template' parameter <-- 
  thrownD:\xampp\htdocs\mariophp\mariophp\Extends\Org\smarty\sysplugins\smarty_internal_templatebase.php第154行
[TIME]2016-09-09 23:08:39ERROR:Uncaught  --> Smarty: 1():Missing '$template' parameter <-- 
  thrownD:\xampp\htdocs\mariophp\mariophp\Extends\Org\smarty\sysplugins\smarty_internal_templatebase.php第154行
[TIME]2016-09-09 23:08:40ERROR:Uncaught  --> Smarty: 1():Missing '$template' parameter <-- 
  thrownD:\xampp\htdocs\mariophp\mariophp\Extends\Org\smarty\sysplugins\smarty_internal_templatebase.php第154行
[TIME]2016-09-09 23:08:40ERROR:Uncaught  --> Smarty: 1():Missing '$template' parameter <-- 
  thrownD:\xampp\htdocs\mariophp\mariophp\Extends\Org\smarty\sysplugins\smarty_internal_templatebase.php第154行
[TIME]2016-09-09 23:08:40ERROR:Uncaught  --> Smarty: 1():Missing '$template' parameter <-- 
  thrownD:\xampp\htdocs\mariophp\mariophp\Extends\Org\smarty\sysplugins\smarty_internal_templatebase.php第154行
[TIME]2016-09-09 23:10:29ERROR:Uncaught  --> Smarty: 1():Missing '$template' parameter <-- 
  thrownD:\xampp\htdocs\mariophp\mariophp\Extends\Org\smarty\sysplugins\smarty_internal_templatebase.php第154行
[TIME]2016-09-09 23:10:29ERROR:Uncaught  --> Smarty: 1():Missing '$template' parameter <-- 
  thrownD:\xampp\htdocs\mariophp\mariophp\Extends\Org\smarty\sysplugins\smarty_internal_templatebase.php第154行
[TIME]2016-09-09 23:10:29ERROR:Uncaught  --> Smarty: 1():Missing '$template' parameter <-- 
  thrownD:\xampp\htdocs\mariophp\mariophp\Extends\Org\smarty\sysplugins\smarty_internal_templatebase.php第154行
[TIME]2016-09-09 23:12:34ERROR:Uncaught  --> Smarty: 1():Missing '$template' parameter <-- 
  thrownD:\xampp\htdocs\mariophp\mariophp\Extends\Org\smarty\sysplugins\smarty_internal_templatebase.php第154行
[TIME]2016-09-09 23:14:56ERROR:Uncaught  --> Smarty: 1():Missing '$template' parameter <-- 
  thrownD:\xampp\htdocs\mariophp\mariophp\Extends\Org\smarty\sysplugins\smarty_internal_templatebase.php第154行
[TIME]2016-09-09 23:14:56ERROR:Uncaught  --> Smarty: 1():Missing '$template' parameter <-- 
  thrownD:\xampp\htdocs\mariophp\mariophp\Extends\Org\smarty\sysplugins\smarty_internal_templatebase.php第154行
[TIME]2016-09-09 23:14:57ERROR:Uncaught  --> Smarty: 1():Missing '$template' parameter <-- 
  thrownD:\xampp\htdocs\mariophp\mariophp\Extends\Org\smarty\sysplugins\smarty_internal_templatebase.php第154行
[TIME]2016-09-09 23:14:57ERROR:Uncaught  --> Smarty: 1():Missing '$template' parameter <-- 
  thrownD:\xampp\htdocs\mariophp\mariophp\Extends\Org\smarty\sysplugins\smarty_internal_templatebase.php第154行
[TIME]2016-09-09 23:14:58ERROR:Uncaught  --> Smarty: 1():Missing '$template' parameter <-- 
  thrownD:\xampp\htdocs\mariophp\mariophp\Extends\Org\smarty\sysplugins\smarty_internal_templatebase.php第154行
[TIME]2016-09-09 23:14:58ERROR:Uncaught  --> Smarty: 1():Missing '$template' parameter <-- 
  thrownD:\xampp\htdocs\mariophp\mariophp\Extends\Org\smarty\sysplugins\smarty_internal_templatebase.php第154行
[TIME]2016-09-09 23:14:58ERROR:Uncaught  --> Smarty: 1():Missing '$template' parameter <-- 
  thrownD:\xampp\htdocs\mariophp\mariophp\Extends\Org\smarty\sysplugins\smarty_internal_templatebase.php第154行
[TIME]2016-09-09 23:14:58ERROR:Uncaught  --> Smarty: 1():Missing '$template' parameter <-- 
  thrownD:\xampp\htdocs\mariophp\mariophp\Extends\Org\smarty\sysplugins\smarty_internal_templatebase.php第154行
[TIME]2016-09-09 23:14:59ERROR:Uncaught  --> Smarty: 1():Missing '$template' parameter <-- 
  thrownD:\xampp\htdocs\mariophp\mariophp\Extends\Org\smarty\sysplugins\smarty_internal_templatebase.php第154行
[TIME]2016-09-09 23:15:00ERROR:Uncaught  --> Smarty: 1():Missing '$template' parameter <-- 
  thrownD:\xampp\htdocs\mariophp\mariophp\Extends\Org\smarty\sysplugins\smarty_internal_templatebase.php第154行
[TIME]2016-09-09 23:15:00ERROR:Uncaught  --> Smarty: 1():Missing '$template' parameter <-- 
  thrownD:\xampp\htdocs\mariophp\mariophp\Extends\Org\smarty\sysplugins\smarty_internal_templatebase.php第154行
[TIME]2016-09-09 23:15:00ERROR:Uncaught  --> Smarty: 1():Missing '$template' parameter <-- 
  thrownD:\xampp\htdocs\mariophp\mariophp\Extends\Org\smarty\sysplugins\smarty_internal_templatebase.php第154行
[TIME]2016-09-09 23:15:00ERROR:Uncaught  --> Smarty: 1():Missing '$template' parameter <-- 
  thrownD:\xampp\htdocs\mariophp\mariophp\Extends\Org\smarty\sysplugins\smarty_internal_templatebase.php第154行
[TIME]2016-09-09 23:15:01ERROR:Uncaught  --> Smarty: 1():Missing '$template' parameter <-- 
  thrownD:\xampp\htdocs\mariophp\mariophp\Extends\Org\smarty\sysplugins\smarty_internal_templatebase.php第154行
[TIME]2016-09-09 23:15:01ERROR:Uncaught  --> Smarty: 1():Missing '$template' parameter <-- 
  thrownD:\xampp\htdocs\mariophp\mariophp\Extends\Org\smarty\sysplugins\smarty_internal_templatebase.php第154行
[TIME]2016-09-09 23:15:58ERROR:Uncaught  --> Smarty: 1():Missing '$template' parameter <-- 
  thrownD:\xampp\htdocs\mariophp\mariophp\Extends\Org\smarty\sysplugins\smarty_internal_templatebase.php第154行
[TIME]2016-09-09 23:15:58ERROR:Uncaught  --> Smarty: 1():Missing '$template' parameter <-- 
  thrownD:\xampp\htdocs\mariophp\mariophp\Extends\Org\smarty\sysplugins\smarty_internal_templatebase.php第154行
[TIME]2016-09-09 23:15:59ERROR:Uncaught  --> Smarty: 1():Missing '$template' parameter <-- 
  thrownD:\xampp\htdocs\mariophp\mariophp\Extends\Org\smarty\sysplugins\smarty_internal_templatebase.php第154行
[TIME]2016-09-09 23:15:59ERROR:Uncaught  --> Smarty: 1():Missing '$template' parameter <-- 
  thrownD:\xampp\htdocs\mariophp\mariophp\Extends\Org\smarty\sysplugins\smarty_internal_templatebase.php第154行
[TIME]2016-09-09 23:15:59ERROR:Uncaught  --> Smarty: 1():Missing '$template' parameter <-- 
  thrownD:\xampp\htdocs\mariophp\mariophp\Extends\Org\smarty\sysplugins\smarty_internal_templatebase.php第154行
[TIME]2016-09-09 23:16:00ERROR:Uncaught  --> Smarty: 1():Missing '$template' parameter <-- 
  thrownD:\xampp\htdocs\mariophp\mariophp\Extends\Org\smarty\sysplugins\smarty_internal_templatebase.php第154行
[TIME]2016-09-09 23:16:00ERROR:Uncaught  --> Smarty: 1():Missing '$template' parameter <-- 
  thrownD:\xampp\htdocs\mariophp\mariophp\Extends\Org\smarty\sysplugins\smarty_internal_templatebase.php第154行
[TIME]2016-09-09 23:16:00ERROR:Uncaught  --> Smarty: 1():Missing '$template' parameter <-- 
  thrownD:\xampp\htdocs\mariophp\mariophp\Extends\Org\smarty\sysplugins\smarty_internal_templatebase.php第154行
[TIME]2016-09-09 23:16:00ERROR:Uncaught  --> Smarty: 1():Missing '$template' parameter <-- 
  thrownD:\xampp\htdocs\mariophp\mariophp\Extends\Org\smarty\sysplugins\smarty_internal_templatebase.php第154行
[TIME]2016-09-09 23:16:00ERROR:Uncaught  --> Smarty: 1():Missing '$template' parameter <-- 
  thrownD:\xampp\htdocs\mariophp\mariophp\Extends\Org\smarty\sysplugins\smarty_internal_templatebase.php第154行
[TIME]2016-09-09 23:16:00ERROR:Uncaught  --> Smarty: 1():Missing '$template' parameter <-- 
  thrownD:\xampp\htdocs\mariophp\mariophp\Extends\Org\smarty\sysplugins\smarty_internal_templatebase.php第154行
[TIME]2016-09-09 23:16:01ERROR:Uncaught  --> Smarty: 1():Missing '$template' parameter <-- 
  thrownD:\xampp\htdocs\mariophp\mariophp\Extends\Org\smarty\sysplugins\smarty_internal_templatebase.php第154行
[TIME]2016-09-09 23:16:01ERROR:Uncaught  --> Smarty: 1():Missing '$template' parameter <-- 
  thrownD:\xampp\htdocs\mariophp\mariophp\Extends\Org\smarty\sysplugins\smarty_internal_templatebase.php第154行
[TIME]2016-09-09 23:16:01ERROR:Uncaught  --> Smarty: 1():Missing '$template' parameter <-- 
  thrownD:\xampp\htdocs\mariophp\mariophp\Extends\Org\smarty\sysplugins\smarty_internal_templatebase.php第154行
[TIME]2016-09-09 23:16:01ERROR:Uncaught  --> Smarty: 1():Missing '$template' parameter <-- 
  thrownD:\xampp\htdocs\mariophp\mariophp\Extends\Org\smarty\sysplugins\smarty_internal_templatebase.php第154行
[TIME]2016-09-09 23:16:02ERROR:Uncaught  --> Smarty: 1():Missing '$template' parameter <-- 
  thrownD:\xampp\htdocs\mariophp\mariophp\Extends\Org\smarty\sysplugins\smarty_internal_templatebase.php第154行
[TIME]2016-09-09 23:16:02ERROR:Uncaught  --> Smarty: 1():Missing '$template' parameter <-- 
  thrownD:\xampp\htdocs\mariophp\mariophp\Extends\Org\smarty\sysplugins\smarty_internal_templatebase.php第154行
[TIME]2016-09-09 23:16:02ERROR:Uncaught  --> Smarty: 1():Missing '$template' parameter <-- 
  thrownD:\xampp\htdocs\mariophp\mariophp\Extends\Org\smarty\sysplugins\smarty_internal_templatebase.php第154行
[TIME]2016-09-09 23:16:02ERROR:Uncaught  --> Smarty: 1():Missing '$template' parameter <-- 
  thrownD:\xampp\htdocs\mariophp\mariophp\Extends\Org\smarty\sysplugins\smarty_internal_templatebase.php第154行
[TIME]2016-09-09 23:16:02ERROR:Uncaught  --> Smarty: 1():Missing '$template' parameter <-- 
  thrownD:\xampp\htdocs\mariophp\mariophp\Extends\Org\smarty\sysplugins\smarty_internal_templatebase.php第154行
[TIME]2016-09-09 23:17:07ERROR:Uncaught  --> Smarty: 1():Missing '$template' parameter <-- 
  thrownD:\xampp\htdocs\mariophp\mariophp\Extends\Org\smarty\sysplugins\smarty_internal_templatebase.php第154行
[TIME]2016-09-09 23:38:05ERROR:D:/xampp/htdocs/mariophp/mariophp/Extends/Tools/Smarty_Internal_Compile_Echo.class.php类没找到
[TIME]2016-09-09 23:46:29ERROR:请先开启Smarty
[TIME]2016-09-09 23:46:40ERROR:请先开启Smarty
[TIME]2016-09-09 23:46:41ERROR:请先开启Smarty
[TIME]2016-09-09 23:46:41ERROR:请先开启Smarty
[TIME]2016-09-09 23:46:41ERROR:请先开启Smarty
[TIME]2016-09-09 23:46:54ERROR:D:/xampp/htdocs/mariophp/mariophp/Extends/Tools/Smarty_Internal_Method_Is_cached.class.php类没找到
[TIME]2016-09-09 23:47:23ERROR:D:/xampp/htdocs/mariophp/mariophp/Extends/Tools/Smarty_Internal_Method_Is_cached.class.php类没找到
